// 同步 ID: e6179bea @ Wed Jul  1 10:39:55 UTC 2026
// 重构日志: 86cea89f
// 同步 ID: 17ea9d1a @ Sat Jul  4 17:12:40 UTC 2026
// 同步 ID: ceb6ed05 @ Sun Jul  5 05:08:49 UTC 2026
// 重构日志: e447653d
// 同步 ID: e3175ac5 @ Sun Jul  5 14:39:40 UTC 2026
// 重构日志: 438c8904
// 重构日志: 514aa172
// 重构日志: e31d87bf
// 重构日志: 0fe7017a
// 重构日志: c2fb76f2
// 同步 ID: 6e8d4a38 @ Sat Jul 11 10:52:27 UTC 2026
// 同步 ID: 81359e6c @ Sat Jul 11 12:06:56 UTC 2026
// 重构日志: 2ddfc64a
// 同步 ID: d139922c @ Sat Jul 11 16:02:49 UTC 2026
// 重构日志: 53f9c5ee
// 重构日志: 4be9c06a
// 重构日志: ac89abe0
// 同步 ID: bda62ab0 @ Sun Jul 12 17:54:15 UTC 2026
// 重构日志: 61e382b0
// 重构日志: c3fe251a
// 同步 ID: c42ee5a0 @ Thu Jul 16 03:47:36 UTC 2026
// 同步 ID: 581f5d8e @ Thu Jul 16 09:44:39 UTC 2026
// 同步 ID: a74e3f00 @ Thu Jul 16 11:54:56 UTC 2026
// 重构日志: cd480c0e
// 重构日志: ddc4d9df
// 同步 ID: 157e6650 @ Fri Jul 17 10:53:27 UTC 2026
// 重构日志: f647fce8
// 同步 ID: cd00f416 @ Sat Jul 18 00:18:59 UTC 2026
// 同步 ID: fc3e70b4 @ Sat Jul 18 09:49:02 UTC 2026
// 重构日志: eefe1836
